# JRE version: OpenJDK Runtime Environment Microsoft-13106358 (17.0.18+8) (build 17.0.18+8-LTS)
# Java VM: OpenJDK 64-Bit Server VM Microsoft-13106358 (17.0.18+8-LTS, mixed mode, sharing, tiered, compressed oops, compressed class ptrs, g1 gc, windows-amd64)
GC Precious Log:
 CPUs: 8 total, 8 available
 Memory: 8029M
 Large Page Support: Disabled
 NUMA Support: Disabled
 Compressed Oops: Enabled (32-bit)
 Heap Region Size: 1M
 Heap Min Capacity: 8M
 Heap Initial Capacity: 126M
 Heap Max Capacity: 2008M
 Pre-touch: Disabled
 Parallel Workers: 8
 Concurrent Workers: 2
 Concurrent Refinement Workers: 8
 Periodic GC: Disabled
Heap:
 garbage-first heap   total 97280K, used 38618K [0x0000000082800000, 0x0000000100000000)
  region size 1024K, 4 young (4096K), 3 survivors (3072K)
 Metaspace       used 34871K, committed 35264K, reserved 1114112K
  class space    used 4480K, committed 4672K, reserved 1048576K
GC Heap History (18 events):
Event: 1.046 GC heap before
{Heap before GC invocations=0 (full 0):
 garbage-first heap   total 129024K, used 22528K [0x0000000082800000, 0x0000000100000000)
  region size 1024K, 23 young (23552K), 0 survivors (0K)
 Metaspace       used 4768K, committed 4992K, reserved 1114112K
  class space    used 580K, committed 704K, reserved 1048576K
}
Event: 1.053 GC heap after
{Heap after GC invocations=1 (full 0):
 garbage-first heap   total 129024K, used 2876K [0x0000000082800000, 0x0000000100000000)
  region size 1024K, 3 young (3072K), 3 survivors (3072K)
 Metaspace       used 4768K, committed 4992K, reserved 1114112K
  class space    used 580K, committed 704K, reserved 1048576K
}
Event: 2.029 GC heap before
{Heap before GC invocations=1 (full 0):
 garbage-first heap   total 129024K, used 34620K [0x0000000082800000, 0x0000000100000000)
  region size 1024K, 34 young (34816K), 3 survivors (3072K)
 Metaspace       used 12051K, committed 12288K, reserved 1114112K
  class space    used 1682K, committed 1792K, reserved 1048576K
}
Event: 2.036 GC heap after
{Heap after GC invocations=2 (full 0):
 garbage-first heap   total 129024K, used 8824K [0x0000000082800000, 0x0000000100000000)
  region size 1024K, 5 young (5120K), 5 survivors (5120K)
 Metaspace       used 12051K, committed 12288K, reserved 1114112K
  class space    used 1682K, committed 1792K, reserved 1048576K
}
Event: 17.551 GC heap before
{Heap before GC invocations=2 (full 0):
 garbage-first heap   total 129024K, used 45688K [0x0000000082800000, 0x0000000100000000)
  region size 1024K, 40 young (40960K), 5 survivors (5120K)
 Metaspace       used 21298K, committed 21504K, reserved 1114112K
  class space    used 2845K, committed 2944K, reserved 1048576K
}
Event: 17.559 GC heap after
{Heap after GC invocations=3 (full 0):
 garbage-first heap   total 129024K, used 16682K [0x0000000082800000, 0x0000000100000000)
  region size 1024K, 6 young (6144K), 6 survivors (6144K)
 Metaspace       used 21298K, committed 21504K, reserved 1114112K
  class space    used 2845K, committed 2944K, reserved 1048576K
}
Event: 18.387 GC heap before
{Heap before GC invocations=4 (full 0):
 garbage-first heap   total 61440K, used 49450K [0x0000000082800000, 0x0000000100000000)
  region size 1024K, 37 young (37888K), 6 survivors (6144K)
 Metaspace       used 28605K, committed 28992K, reserved 1114112K
  class space    used 3765K, committed 3968K, reserved 1048576K
}
Event: 18.397 GC heap after
{Heap after GC invocations=5 (full 0):
 garbage-first heap   total 65536K, used 24309K [0x0000000082800000, 0x0000000100000000)
  region size 1024K, 5 young (5120K), 5 survivors (5120K)
 Metaspace       used 28605K, committed 28992K, reserved 1114112K
  class space    used 3765K, committed 3968K, reserved 1048576K
}
Event: 19.280 GC heap before
{Heap before GC invocations=5 (full 0):
 garbage-first heap   total 65536K, used 50933K [0x0000000082800000, 0x0000000100000000)
  region size 1024K, 25 young (25600K), 5 survivors (5120K)
 Metaspace       used 32157K, committed 32576K, reserved 1114112K
  class space    used 4179K, committed 4352K, reserved 1048576K
}
Event: 19.287 GC heap after
{Heap after GC invocations=6 (full 0):
 garbage-first heap   total 65536K, used 36402K [0x0000000082800000, 0x0000000100000000)
  region size 1024K, 4 young (4096K), 4 survivors (4096K)
 Metaspace       used 32157K, committed 32576K, reserved 1114112K
  class space    used 4179K, committed 4352K, reserved 1048576K
}
Event: 20.586 GC heap before
{Heap before GC invocations=6 (full 0):
 garbage-first heap   total 65536K, used 48690K [0x0000000082800000, 0x0000000100000000)
  region size 1024K, 16 young (16384K), 4 survivors (4096K)
 Metaspace       used 32319K, committed 32704K, reserved 1114112K
  class space    used 4184K, committed 4352K, reserved 1048576K
}
Event: 20.590 GC heap after
{Heap after GC invocations=7 (full 0):
 garbage-first heap   total 65536K, used 38027K [0x0000000082800000, 0x0000000100000000)
  region size 1024K, 1 young (1024K), 1 survivors (1024K)
 Metaspace       used 32319K, committed 32704K, reserved 1114112K
  class space    used 4184K, committed 4352K, reserved 1048576K
}
Event: 21.775 GC heap before
{Heap before GC invocations=8 (full 0):
 garbage-first heap   total 65536K, used 47243K [0x0000000082800000, 0x0000000100000000)
  region size 1024K, 13 young (13312K), 1 survivors (1024K)
 Metaspace       used 32963K, committed 33280K, reserved 1114112K
  class space    used 4271K, committed 4416K, reserved 1048576K
}
Event: 21.778 GC heap after
{Heap after GC invocations=9 (full 0):
 garbage-first heap   total 65536K, used 36874K [0x0000000082800000, 0x0000000100000000)
  region size 1024K, 2 young (2048K), 2 survivors (2048K)
 Metaspace       used 32963K, committed 33280K, reserved 1114112K
  class space    used 4271K, committed 4416K, reserved 1048576K
}
Event: 21.796 GC heap before
{Heap before GC invocations=9 (full 0):
 garbage-first heap   total 65536K, used 37898K [0x0000000082800000, 0x0000000100000000)
  region size 1024K, 3 young (3072K), 2 survivors (2048K)
 Metaspace       used 33145K, committed 33472K, reserved 1114112K
  class space    used 4313K, committed 4480K, reserved 1048576K
}
Event: 21.799 GC heap after
{Heap after GC invocations=10 (full 0):
 garbage-first heap   total 65536K, used 36352K [0x0000000082800000, 0x0000000100000000)
  region size 1024K, 1 young (1024K), 1 survivors (1024K)
 Metaspace       used 33145K, committed 33472K, reserved 1114112K
  class space    used 4313K, committed 4480K, reserved 1048576K
}
Event: 36.384 GC heap before
{Heap before GC invocations=10 (full 0):
 garbage-first heap   total 65536K, used 50688K [0x0000000082800000, 0x0000000100000000)
  region size 1024K, 15 young (15360K), 1 survivors (1024K)
 Metaspace       used 34259K, committed 34624K, reserved 1114112K
  class space    used 4477K, committed 4672K, reserved 1048576K
}
Event: 36.396 GC heap after
{Heap after GC invocations=11 (full 0):
 garbage-first heap   total 97280K, used 38459K [0x0000000082800000, 0x0000000100000000)
  region size 1024K, 2 young (2048K), 2 survivors (2048K)
 Metaspace       used 34259K, committed 34624K, reserved 1114112K
  class space    used 4477K, committed 4672K, reserved 1048576K
}

