# JRE version: OpenJDK Runtime Environment Microsoft-13106358 (17.0.18+8) (build 17.0.18+8-LTS)
# Java VM: OpenJDK 64-Bit Server VM Microsoft-13106358 (17.0.18+8-LTS, mixed mode, sharing, tiered, compressed oops, compressed class ptrs, g1 gc, windows-amd64)
GC Precious Log:
 CPUs: 8 total, 8 available
 Memory: 8029M
 Large Page Support: Disabled
 NUMA Support: Disabled
 Compressed Oops: Enabled (32-bit)
 Heap Region Size: 1M
 Heap Min Capacity: 8M
 Heap Initial Capacity: 126M
 Heap Max Capacity: 2008M
 Pre-touch: Disabled
 Parallel Workers: 8
 Concurrent Workers: 2
 Concurrent Refinement Workers: 8
 Periodic GC: Disabled
Heap:
 garbage-first heap   total 61440K, used 21536K [0x0000000082800000, 0x0000000100000000)
  region size 1024K, 6 young (6144K), 3 survivors (3072K)
 Metaspace       used 27636K, committed 27968K, reserved 1114112K
  class space    used 3529K, committed 3712K, reserved 1048576K
GC Heap History (8 events):
Event: 0.660 GC heap before
{Heap before GC invocations=0 (full 0):
 garbage-first heap   total 129024K, used 22528K [0x0000000082800000, 0x0000000100000000)
  region size 1024K, 23 young (23552K), 0 survivors (0K)
 Metaspace       used 4776K, committed 4992K, reserved 1114112K
  class space    used 578K, committed 704K, reserved 1048576K
}
Event: 0.663 GC heap after
{Heap after GC invocations=1 (full 0):
 garbage-first heap   total 129024K, used 2940K [0x0000000082800000, 0x0000000100000000)
  region size 1024K, 3 young (3072K), 3 survivors (3072K)
 Metaspace       used 4776K, committed 4992K, reserved 1114112K
  class space    used 578K, committed 704K, reserved 1048576K
}
Event: 1.565 GC heap before
{Heap before GC invocations=1 (full 0):
 garbage-first heap   total 129024K, used 35708K [0x0000000082800000, 0x0000000100000000)
  region size 1024K, 35 young (35840K), 3 survivors (3072K)
 Metaspace       used 12115K, committed 12352K, reserved 1114112K
  class space    used 1687K, committed 1792K, reserved 1048576K
}
Event: 1.571 GC heap after
{Heap after GC invocations=2 (full 0):
 garbage-first heap   total 129024K, used 8667K [0x0000000082800000, 0x0000000100000000)
  region size 1024K, 5 young (5120K), 5 survivors (5120K)
 Metaspace       used 12115K, committed 12352K, reserved 1114112K
  class space    used 1687K, committed 1792K, reserved 1048576K
}
Event: 14.304 GC heap before
{Heap before GC invocations=2 (full 0):
 garbage-first heap   total 129024K, used 44507K [0x0000000082800000, 0x0000000100000000)
  region size 1024K, 39 young (39936K), 5 survivors (5120K)
 Metaspace       used 21250K, committed 21504K, reserved 1114112K
  class space    used 2848K, committed 3008K, reserved 1048576K
}
Event: 14.313 GC heap after
{Heap after GC invocations=3 (full 0):
 garbage-first heap   total 129024K, used 16960K [0x0000000082800000, 0x0000000100000000)
  region size 1024K, 6 young (6144K), 6 survivors (6144K)
 Metaspace       used 21250K, committed 21504K, reserved 1114112K
  class space    used 2848K, committed 3008K, reserved 1048576K
}
Event: 49.666 GC heap before
{Heap before GC invocations=4 (full 0):
 garbage-first heap   total 61440K, used 47680K [0x0000000082800000, 0x0000000100000000)
  region size 1024K, 36 young (36864K), 6 survivors (6144K)
 Metaspace       used 27592K, committed 27904K, reserved 1114112K
  class space    used 3527K, committed 3712K, reserved 1048576K
}
Event: 51.214 GC heap after
{Heap after GC invocations=5 (full 0):
 garbage-first heap   total 61440K, used 19488K [0x0000000082800000, 0x0000000100000000)
  region size 1024K, 3 young (3072K), 3 survivors (3072K)
 Metaspace       used 27592K, committed 27904K, reserved 1114112K
  class space    used 3527K, committed 3712K, reserved 1048576K
}

