# JRE version: OpenJDK Runtime Environment Corretto-17.0.18.9.1 (17.0.18+9) (build 17.0.18+9-LTS)
# Java VM: OpenJDK 64-Bit Server VM Corretto-17.0.18.9.1 (17.0.18+9-LTS, mixed mode, sharing, tiered, compressed oops, compressed class ptrs, g1 gc, windows-amd64)
GC Precious Log:
 CPUs: 8 total, 8 available
 Memory: 16217M
 Large Page Support: Disabled
 NUMA Support: Disabled
 Compressed Oops: Enabled (Zero based)
 Heap Region Size: 2M
 Heap Min Capacity: 8M
 Heap Initial Capacity: 254M
 Heap Max Capacity: 4056M
 Pre-touch: Disabled
 Parallel Workers: 8
 Concurrent Workers: 2
 Concurrent Refinement Workers: 8
 Periodic GC: Disabled
Heap:
 garbage-first heap   total 155648K, used 35780K [0x0000000702800000, 0x0000000800000000)
  region size 2048K, 6 young (12288K), 5 survivors (10240K)
 Metaspace       used 30124K, committed 30400K, reserved 1114112K
  class space    used 3450K, committed 3584K, reserved 1048576K
GC Heap History (18 events):
Event: 0.906 GC heap before
{Heap before GC invocations=0 (full 0):
 garbage-first heap   total 260096K, used 22528K [0x0000000702800000, 0x0000000800000000)
  region size 2048K, 11 young (22528K), 0 survivors (0K)
 Metaspace       used 5394K, committed 5568K, reserved 1114112K
  class space    used 648K, committed 768K, reserved 1048576K
}
Event: 0.909 GC heap after
{Heap after GC invocations=1 (full 0):
 garbage-first heap   total 260096K, used 3714K [0x0000000702800000, 0x0000000800000000)
  region size 2048K, 2 young (4096K), 2 survivors (4096K)
 Metaspace       used 5394K, committed 5568K, reserved 1114112K
  class space    used 648K, committed 768K, reserved 1048576K
}
Event: 1.457 GC heap before
{Heap before GC invocations=1 (full 0):
 garbage-first heap   total 260096K, used 34434K [0x0000000702800000, 0x0000000800000000)
  region size 2048K, 17 young (34816K), 2 survivors (4096K)
 Metaspace       used 8627K, committed 8768K, reserved 1114112K
  class space    used 1046K, committed 1152K, reserved 1048576K
}
Event: 1.461 GC heap after
{Heap after GC invocations=2 (full 0):
 garbage-first heap   total 260096K, used 5011K [0x0000000702800000, 0x0000000800000000)
  region size 2048K, 1 young (2048K), 1 survivors (2048K)
 Metaspace       used 8627K, committed 8768K, reserved 1114112K
  class space    used 1046K, committed 1152K, reserved 1048576K
}
Event: 3.637 GC heap before
{Heap before GC invocations=2 (full 0):
 garbage-first heap   total 260096K, used 78739K [0x0000000702800000, 0x0000000800000000)
  region size 2048K, 38 young (77824K), 1 survivors (2048K)
 Metaspace       used 21254K, committed 21504K, reserved 1114112K
  class space    used 2592K, committed 2752K, reserved 1048576K
}
Event: 3.645 GC heap after
{Heap after GC invocations=3 (full 0):
 garbage-first heap   total 260096K, used 10793K [0x0000000702800000, 0x0000000800000000)
  region size 2048K, 4 young (8192K), 4 survivors (8192K)
 Metaspace       used 21254K, committed 21504K, reserved 1114112K
  class space    used 2592K, committed 2752K, reserved 1048576K
}
Event: 4.195 GC heap before
{Heap before GC invocations=4 (full 0):
 garbage-first heap   total 49152K, used 31273K [0x0000000702800000, 0x0000000800000000)
  region size 2048K, 14 young (28672K), 4 survivors (8192K)
 Metaspace       used 24539K, committed 24832K, reserved 1114112K
  class space    used 2914K, committed 3072K, reserved 1048576K
}
Event: 4.206 GC heap after
{Heap after GC invocations=5 (full 0):
 garbage-first heap   total 49152K, used 16727K [0x0000000702800000, 0x0000000800000000)
  region size 2048K, 2 young (4096K), 2 survivors (4096K)
 Metaspace       used 24539K, committed 24832K, reserved 1114112K
  class space    used 2914K, committed 3072K, reserved 1048576K
}
Event: 4.226 GC heap before
{Heap before GC invocations=5 (full 0):
 garbage-first heap   total 49152K, used 18775K [0x0000000702800000, 0x0000000800000000)
  region size 2048K, 3 young (6144K), 2 survivors (4096K)
 Metaspace       used 24548K, committed 24832K, reserved 1114112K
  class space    used 2914K, committed 3072K, reserved 1048576K
}
Event: 4.235 GC heap after
{Heap after GC invocations=6 (full 0):
 garbage-first heap   total 49152K, used 18217K [0x0000000702800000, 0x0000000800000000)
  region size 2048K, 1 young (2048K), 1 survivors (2048K)
 Metaspace       used 24548K, committed 24832K, reserved 1114112K
  class space    used 2914K, committed 3072K, reserved 1048576K
}
Event: 4.434 GC heap before
{Heap before GC invocations=6 (full 0):
 garbage-first heap   total 49152K, used 32553K [0x0000000702800000, 0x0000000800000000)
  region size 2048K, 8 young (16384K), 1 survivors (2048K)
 Metaspace       used 25030K, committed 25344K, reserved 1114112K
  class space    used 2974K, committed 3136K, reserved 1048576K
}
Event: 4.442 GC heap after
{Heap after GC invocations=7 (full 0):
 garbage-first heap   total 49152K, used 20480K [0x0000000702800000, 0x0000000800000000)
  region size 2048K, 1 young (2048K), 1 survivors (2048K)
 Metaspace       used 25030K, committed 25344K, reserved 1114112K
  class space    used 2974K, committed 3136K, reserved 1048576K
}
Event: 4.654 GC heap before
{Heap before GC invocations=7 (full 0):
 garbage-first heap   total 49152K, used 34816K [0x0000000702800000, 0x0000000800000000)
  region size 2048K, 8 young (16384K), 1 survivors (2048K)
 Metaspace       used 25346K, committed 25664K, reserved 1114112K
  class space    used 2979K, committed 3136K, reserved 1048576K
}
Event: 4.664 GC heap after
{Heap after GC invocations=8 (full 0):
 garbage-first heap   total 155648K, used 23969K [0x0000000702800000, 0x0000000800000000)
  region size 2048K, 1 young (2048K), 1 survivors (2048K)
 Metaspace       used 25346K, committed 25664K, reserved 1114112K
  class space    used 2979K, committed 3136K, reserved 1048576K
}
Event: 6.157 GC heap before
{Heap before GC invocations=8 (full 0):
 garbage-first heap   total 155648K, used 103841K [0x0000000702800000, 0x0000000800000000)
  region size 2048K, 39 young (79872K), 1 survivors (2048K)
 Metaspace       used 28153K, committed 28480K, reserved 1114112K
  class space    used 3229K, committed 3392K, reserved 1048576K
}
Event: 6.170 GC heap after
{Heap after GC invocations=9 (full 0):
 garbage-first heap   total 155648K, used 31198K [0x0000000702800000, 0x0000000800000000)
  region size 2048K, 4 young (8192K), 4 survivors (8192K)
 Metaspace       used 28153K, committed 28480K, reserved 1114112K
  class space    used 3229K, committed 3392K, reserved 1048576K
}
Event: 7.482 GC heap before
{Heap before GC invocations=9 (full 0):
 garbage-first heap   total 155648K, used 106974K [0x0000000702800000, 0x0000000800000000)
  region size 2048K, 41 young (83968K), 4 survivors (8192K)
 Metaspace       used 29927K, committed 30208K, reserved 1114112K
  class space    used 3424K, committed 3584K, reserved 1048576K
}
Event: 7.499 GC heap after
{Heap after GC invocations=10 (full 0):
 garbage-first heap   total 155648K, used 35780K [0x0000000702800000, 0x0000000800000000)
  region size 2048K, 5 young (10240K), 5 survivors (10240K)
 Metaspace       used 29927K, committed 30208K, reserved 1114112K
  class space    used 3424K, committed 3584K, reserved 1048576K
}

